# JRE version: Java(TM) SE Runtime Environment (8.0_181-b13) (build 1.8.0_181-b13)
# Java VM: Java HotSpot(TM) 64-Bit Server VM (25.181-b13 mixed mode linux-amd64 compressed oops)
Heap:
 PSYoungGen      total 108544K, used 8187K [0x00000000ed000000, 0x00000000f4700000, 0x0000000100000000)
  eden space 100352K, 0% used [0x00000000ed000000,0x00000000ed000000,0x00000000f3200000)
  from space 8192K, 99% used [0x00000000f3700000,0x00000000f3efeef0,0x00000000f3f00000)
  to   space 7168K, 0% used [0x00000000f4000000,0x00000000f4000000,0x00000000f4700000)
 ParOldGen       total 41472K, used 17543K [0x00000000c7000000, 0x00000000c9880000, 0x00000000ed000000)
  object space 41472K, 42% used [0x00000000c7000000,0x00000000c8121db8,0x00000000c9880000)
 Metaspace       used 51108K, capacity 51474K, committed 51712K, reserved 1093632K
  class space    used 7568K, capacity 7674K, committed 7680K, reserved 1048576K
GC Heap History (10 events):
Event: 5,713 GC heap after
Heap after GC invocations=10 (full 1):
 PSYoungGen      total 66048K, used 5618K [0x00000000ed000000, 0x00000000f2680000, 0x0000000100000000)
  eden space 60416K, 0% used [0x00000000ed000000,0x00000000ed000000,0x00000000f0b00000)
  from space 5632K, 99% used [0x00000000f0b00000,0x00000000f107cac0,0x00000000f1080000)
  to   space 6656K, 0% used [0x00000000f2000000,0x00000000f2000000,0x00000000f2680000)
 ParOldGen       total 29184K, used 8021K [0x00000000c7000000, 0x00000000c8c80000, 0x00000000ed000000)
  object space 29184K, 27% used [0x00000000c7000000,0x00000000c77d5470,0x00000000c8c80000)
 Metaspace       used 28671K, capacity 28974K, committed 29184K, reserved 1075200K
  class space    used 3959K, capacity 4043K, committed 4096K, reserved 1048576K
}
Event: 6,686 GC heap before
{Heap before GC invocations=11 (full 1):
 PSYoungGen      total 66048K, used 66034K [0x00000000ed000000, 0x00000000f2680000, 0x0000000100000000)
  eden space 60416K, 100% used [0x00000000ed000000,0x00000000f0b00000,0x00000000f0b00000)
  from space 5632K, 99% used [0x00000000f0b00000,0x00000000f107cac0,0x00000000f1080000)
  to   space 6656K, 0% used [0x00000000f2000000,0x00000000f2000000,0x00000000f2680000)
 ParOldGen       total 29184K, used 8021K [0x00000000c7000000, 0x00000000c8c80000, 0x00000000ed000000)
  object space 29184K, 27% used [0x00000000c7000000,0x00000000c77d5470,0x00000000c8c80000)
 Metaspace       used 33719K, capacity 33934K, committed 34304K, reserved 1079296K
  class space    used 4743K, capacity 4818K, committed 4864K, reserved 1048576K
Event: 6,695 GC heap after
Heap after GC invocations=11 (full 1):
 PSYoungGen      total 81408K, used 6254K [0x00000000ed000000, 0x00000000f3100000, 0x0000000100000000)
  eden space 74752K, 0% used [0x00000000ed000000,0x00000000ed000000,0x00000000f1900000)
  from space 6656K, 93% used [0x00000000f2000000,0x00000000f261bb48,0x00000000f2680000)
  to   space 7168K, 0% used [0x00000000f1900000,0x00000000f1900000,0x00000000f2000000)
 ParOldGen       total 29184K, used 9405K [0x00000000c7000000, 0x00000000c8c80000, 0x00000000ed000000)
  object space 29184K, 32% used [0x00000000c7000000,0x00000000c792f5d0,0x00000000c8c80000)
 Metaspace       used 33719K, capacity 33934K, committed 34304K, reserved 1079296K
  class space    used 4743K, capacity 4818K, committed 4864K, reserved 1048576K
}
Event: 6,909 GC heap before
{Heap before GC invocations=12 (full 1):
 PSYoungGen      total 81408K, used 20234K [0x00000000ed000000, 0x00000000f3100000, 0x0000000100000000)
  eden space 74752K, 18% used [0x00000000ed000000,0x00000000edda6fd0,0x00000000f1900000)
  from space 6656K, 93% used [0x00000000f2000000,0x00000000f261bb48,0x00000000f2680000)
  to   space 7168K, 0% used [0x00000000f1900000,0x00000000f1900000,0x00000000f2000000)
 ParOldGen       total 29184K, used 9405K [0x00000000c7000000, 0x00000000c8c80000, 0x00000000ed000000)
  object space 29184K, 32% used [0x00000000c7000000,0x00000000c792f5d0,0x00000000c8c80000)
 Metaspace       used 34932K, capacity 35194K, committed 35416K, reserved 1079296K
  class space    used 4947K, capacity 5014K, committed 5120K, reserved 1048576K
Event: 6,914 GC heap after
Heap after GC invocations=12 (full 1):
 PSYoungGen      total 81920K, used 1580K [0x00000000ed000000, 0x00000000f4780000, 0x0000000100000000)
  eden space 74752K, 0% used [0x00000000ed000000,0x00000000ed000000,0x00000000f1900000)
  from space 7168K, 22% used [0x00000000f1900000,0x00000000f1a8b2b8,0x00000000f2000000)
  to   space 7680K, 0% used [0x00000000f4000000,0x00000000f4000000,0x00000000f4780000)
 ParOldGen       total 29184K, used 12097K [0x00000000c7000000, 0x00000000c8c80000, 0x00000000ed000000)
  object space 29184K, 41% used [0x00000000c7000000,0x00000000c7bd04d8,0x00000000c8c80000)
 Metaspace       used 34932K, capacity 35194K, committed 35416K, reserved 1079296K
  class space    used 4947K, capacity 5014K, committed 5120K, reserved 1048576K
}
Event: 6,914 GC heap before
{Heap before GC invocations=13 (full 2):
 PSYoungGen      total 81920K, used 1580K [0x00000000ed000000, 0x00000000f4780000, 0x0000000100000000)
  eden space 74752K, 0% used [0x00000000ed000000,0x00000000ed000000,0x00000000f1900000)
  from space 7168K, 22% used [0x00000000f1900000,0x00000000f1a8b2b8,0x00000000f2000000)
  to   space 7680K, 0% used [0x00000000f4000000,0x00000000f4000000,0x00000000f4780000)
 ParOldGen       total 29184K, used 12097K [0x00000000c7000000, 0x00000000c8c80000, 0x00000000ed000000)
  object space 29184K, 41% used [0x00000000c7000000,0x00000000c7bd04d8,0x00000000c8c80000)
 Metaspace       used 34932K, capacity 35194K, committed 35416K, reserved 1079296K
  class space    used 4947K, capacity 5014K, committed 5120K, reserved 1048576K
Event: 6,952 GC heap after
Heap after GC invocations=13 (full 2):
 PSYoungGen      total 81920K, used 0K [0x00000000ed000000, 0x00000000f4780000, 0x0000000100000000)
  eden space 74752K, 0% used [0x00000000ed000000,0x00000000ed000000,0x00000000f1900000)
  from space 7168K, 0% used [0x00000000f1900000,0x00000000f1900000,0x00000000f2000000)
  to   space 7680K, 0% used [0x00000000f4000000,0x00000000f4000000,0x00000000f4780000)
 ParOldGen       total 41472K, used 9735K [0x00000000c7000000, 0x00000000c9880000, 0x00000000ed000000)
  object space 41472K, 23% used [0x00000000c7000000,0x00000000c7981ed8,0x00000000c9880000)
 Metaspace       used 34924K, capacity 35182K, committed 35416K, reserved 1079296K
  class space    used 4946K, capacity 5012K, committed 5120K, reserved 1048576K
}
Event: 7,727 GC heap before
{Heap before GC invocations=14 (full 2):
 PSYoungGen      total 81920K, used 74752K [0x00000000ed000000, 0x00000000f4780000, 0x0000000100000000)
  eden space 74752K, 100% used [0x00000000ed000000,0x00000000f1900000,0x00000000f1900000)
  from space 7168K, 0% used [0x00000000f1900000,0x00000000f1900000,0x00000000f2000000)
  to   space 7680K, 0% used [0x00000000f4000000,0x00000000f4000000,0x00000000f4780000)
 ParOldGen       total 41472K, used 9735K [0x00000000c7000000, 0x00000000c9880000, 0x00000000ed000000)
  object space 41472K, 23% used [0x00000000c7000000,0x00000000c7981ed8,0x00000000c9880000)
 Metaspace       used 40057K, capacity 40428K, committed 40704K, reserved 1083392K
  class space    used 5748K, capacity 5849K, committed 5888K, reserved 1048576K
Event: 7,735 GC heap after
Heap after GC invocations=14 (full 2):
 PSYoungGen      total 107520K, used 6937K [0x00000000ed000000, 0x00000000f4700000, 0x0000000100000000)
  eden space 100352K, 0% used [0x00000000ed000000,0x00000000ed000000,0x00000000f3200000)
  from space 7168K, 96% used [0x00000000f4000000,0x00000000f46c6648,0x00000000f4700000)
  to   space 8192K, 0% used [0x00000000f3700000,0x00000000f3700000,0x00000000f3f00000)
 ParOldGen       total 41472K, used 9743K [0x00000000c7000000, 0x00000000c9880000, 0x00000000ed000000)
  object space 41472K, 23% used [0x00000000c7000000,0x00000000c7983ed8,0x00000000c9880000)
 Metaspace       used 40057K, capacity 40428K, committed 40704K, reserved 1083392K
  class space    used 5748K, capacity 5849K, committed 5888K, reserved 1048576K
}
Event: 9,427 GC heap before
{Heap before GC invocations=15 (full 2):
 PSYoungGen      total 107520K, used 107289K [0x00000000ed000000, 0x00000000f4700000, 0x0000000100000000)
  eden space 100352K, 100% used [0x00000000ed000000,0x00000000f3200000,0x00000000f3200000)
  from space 7168K, 96% used [0x00000000f4000000,0x00000000f46c6648,0x00000000f4700000)
  to   space 8192K, 0% used [0x00000000f3700000,0x00000000f3700000,0x00000000f3f00000)
 ParOldGen       total 41472K, used 9743K [0x00000000c7000000, 0x00000000c9880000, 0x00000000ed000000)
  object space 41472K, 23% used [0x00000000c7000000,0x00000000c7983ed8,0x00000000c9880000)
 Metaspace       used 51108K, capacity 51474K, committed 51712K, reserved 1093632K
  class space    used 7568K, capacity 7674K, committed 7680K, reserved 1048576K

