# JRE version: Java(TM) SE Runtime Environment (8.0_181-b13) (build 1.8.0_181-b13)
# Java VM: Java HotSpot(TM) 64-Bit Server VM (25.181-b13 mixed mode linux-amd64 compressed oops)
Heap:
 PSYoungGen      total 142336K, used 10217K [0x00000000ed000000, 0x00000000f6c80000, 0x0000000100000000)
  eden space 132096K, 0% used [0x00000000ed000000,0x00000000ed000000,0x00000000f5100000)
  from space 10240K, 99% used [0x00000000f5880000,0x00000000f627a630,0x00000000f6280000)
  to   space 9216K, 0% used [0x00000000f6380000,0x00000000f6380000,0x00000000f6c80000)
 ParOldGen       total 44032K, used 19429K [0x00000000c7000000, 0x00000000c9b00000, 0x00000000ed000000)
  object space 44032K, 44% used [0x00000000c7000000,0x00000000c82f95c8,0x00000000c9b00000)
 Metaspace       used 54183K, capacity 54590K, committed 54912K, reserved 1095680K
  class space    used 8085K, capacity 8220K, committed 8320K, reserved 1048576K
GC Heap History (10 events):
Event: 5,079 GC heap after
Heap after GC invocations=8 (full 1):
 PSYoungGen      total 66560K, used 6123K [0x00000000ed000000, 0x00000000f4300000, 0x0000000100000000)
  eden space 60416K, 0% used [0x00000000ed000000,0x00000000ed000000,0x00000000f0b00000)
  from space 6144K, 99% used [0x00000000f0b00000,0x00000000f10faef0,0x00000000f1100000)
  to   space 7680K, 0% used [0x00000000f3b80000,0x00000000f3b80000,0x00000000f4300000)
 ParOldGen       total 32256K, used 11011K [0x00000000c7000000, 0x00000000c8f80000, 0x00000000ed000000)
  object space 32256K, 34% used [0x00000000c7000000,0x00000000c7ac0f68,0x00000000c8f80000)
 Metaspace       used 27194K, capacity 27406K, committed 27648K, reserved 1073152K
  class space    used 3762K, capacity 3819K, committed 3840K, reserved 1048576K
}
Event: 6,244 GC heap before
{Heap before GC invocations=9 (full 1):
 PSYoungGen      total 66560K, used 66539K [0x00000000ed000000, 0x00000000f4300000, 0x0000000100000000)
  eden space 60416K, 100% used [0x00000000ed000000,0x00000000f0b00000,0x00000000f0b00000)
  from space 6144K, 99% used [0x00000000f0b00000,0x00000000f10faef0,0x00000000f1100000)
  to   space 7680K, 0% used [0x00000000f3b80000,0x00000000f3b80000,0x00000000f4300000)
 ParOldGen       total 32256K, used 11011K [0x00000000c7000000, 0x00000000c8f80000, 0x00000000ed000000)
  object space 32256K, 34% used [0x00000000c7000000,0x00000000c7ac0f68,0x00000000c8f80000)
 Metaspace       used 30637K, capacity 30798K, committed 30976K, reserved 1075200K
  class space    used 4277K, capacity 4331K, committed 4352K, reserved 1048576K
Event: 6,256 GC heap after
Heap after GC invocations=9 (full 1):
 PSYoungGen      total 109056K, used 6870K [0x00000000ed000000, 0x00000000f4300000, 0x0000000100000000)
  eden space 101376K, 0% used [0x00000000ed000000,0x00000000ed000000,0x00000000f3300000)
  from space 7680K, 89% used [0x00000000f3b80000,0x00000000f4235870,0x00000000f4300000)
  to   space 8192K, 0% used [0x00000000f3300000,0x00000000f3300000,0x00000000f3b00000)
 ParOldGen       total 32256K, used 11011K [0x00000000c7000000, 0x00000000c8f80000, 0x00000000ed000000)
  object space 32256K, 34% used [0x00000000c7000000,0x00000000c7ac0f68,0x00000000c8f80000)
 Metaspace       used 30637K, capacity 30798K, committed 30976K, reserved 1075200K
  class space    used 4277K, capacity 4331K, committed 4352K, reserved 1048576K
}
Event: 7,083 GC heap before
{Heap before GC invocations=10 (full 1):
 PSYoungGen      total 109056K, used 45424K [0x00000000ed000000, 0x00000000f4300000, 0x0000000100000000)
  eden space 101376K, 38% used [0x00000000ed000000,0x00000000ef5a6790,0x00000000f3300000)
  from space 7680K, 89% used [0x00000000f3b80000,0x00000000f4235870,0x00000000f4300000)
  to   space 8192K, 0% used [0x00000000f3300000,0x00000000f3300000,0x00000000f3b00000)
 ParOldGen       total 32256K, used 11011K [0x00000000c7000000, 0x00000000c8f80000, 0x00000000ed000000)
  object space 32256K, 34% used [0x00000000c7000000,0x00000000c7ac0f68,0x00000000c8f80000)
 Metaspace       used 34918K, capacity 35194K, committed 35416K, reserved 1079296K
  class space    used 4942K, capacity 5014K, committed 5120K, reserved 1048576K
Event: 7,093 GC heap after
Heap after GC invocations=10 (full 1):
 PSYoungGen      total 109568K, used 7297K [0x00000000ed000000, 0x00000000f6c80000, 0x0000000100000000)
  eden space 101376K, 0% used [0x00000000ed000000,0x00000000ed000000,0x00000000f3300000)
  from space 8192K, 89% used [0x00000000f3300000,0x00000000f3a20700,0x00000000f3b00000)
  to   space 9216K, 0% used [0x00000000f6380000,0x00000000f6380000,0x00000000f6c80000)
 ParOldGen       total 32256K, used 11019K [0x00000000c7000000, 0x00000000c8f80000, 0x00000000ed000000)
  object space 32256K, 34% used [0x00000000c7000000,0x00000000c7ac2f68,0x00000000c8f80000)
 Metaspace       used 34918K, capacity 35194K, committed 35416K, reserved 1079296K
  class space    used 4942K, capacity 5014K, committed 5120K, reserved 1048576K
}
Event: 7,093 GC heap before
{Heap before GC invocations=11 (full 2):
 PSYoungGen      total 109568K, used 7297K [0x00000000ed000000, 0x00000000f6c80000, 0x0000000100000000)
  eden space 101376K, 0% used [0x00000000ed000000,0x00000000ed000000,0x00000000f3300000)
  from space 8192K, 89% used [0x00000000f3300000,0x00000000f3a20700,0x00000000f3b00000)
  to   space 9216K, 0% used [0x00000000f6380000,0x00000000f6380000,0x00000000f6c80000)
 ParOldGen       total 32256K, used 11019K [0x00000000c7000000, 0x00000000c8f80000, 0x00000000ed000000)
  object space 32256K, 34% used [0x00000000c7000000,0x00000000c7ac2f68,0x00000000c8f80000)
 Metaspace       used 34918K, capacity 35194K, committed 35416K, reserved 1079296K
  class space    used 4942K, capacity 5014K, committed 5120K, reserved 1048576K
Event: 7,147 GC heap after
Heap after GC invocations=11 (full 2):
 PSYoungGen      total 109568K, used 0K [0x00000000ed000000, 0x00000000f6c80000, 0x0000000100000000)
  eden space 101376K, 0% used [0x00000000ed000000,0x00000000ed000000,0x00000000f3300000)
  from space 8192K, 0% used [0x00000000f3300000,0x00000000f3300000,0x00000000f3b00000)
  to   space 9216K, 0% used [0x00000000f6380000,0x00000000f6380000,0x00000000f6c80000)
 ParOldGen       total 44032K, used 11336K [0x00000000c7000000, 0x00000000c9b00000, 0x00000000ed000000)
  object space 44032K, 25% used [0x00000000c7000000,0x00000000c7b12168,0x00000000c9b00000)
 Metaspace       used 34910K, capacity 35182K, committed 35416K, reserved 1079296K
  class space    used 4941K, capacity 5012K, committed 5120K, reserved 1048576K
}
Event: 8,813 GC heap before
{Heap before GC invocations=12 (full 2):
 PSYoungGen      total 109568K, used 101376K [0x00000000ed000000, 0x00000000f6c80000, 0x0000000100000000)
  eden space 101376K, 100% used [0x00000000ed000000,0x00000000f3300000,0x00000000f3300000)
  from space 8192K, 0% used [0x00000000f3300000,0x00000000f3300000,0x00000000f3b00000)
  to   space 9216K, 0% used [0x00000000f6380000,0x00000000f6380000,0x00000000f6c80000)
 ParOldGen       total 44032K, used 11336K [0x00000000c7000000, 0x00000000c9b00000, 0x00000000ed000000)
  object space 44032K, 25% used [0x00000000c7000000,0x00000000c7b12178,0x00000000c9b00000)
 Metaspace       used 41628K, capacity 41964K, committed 42368K, reserved 1085440K
  class space    used 6057K, capacity 6169K, committed 6272K, reserved 1048576K
Event: 8,831 GC heap after
Heap after GC invocations=12 (full 2):
 PSYoungGen      total 141312K, used 9152K [0x00000000ed000000, 0x00000000f6c80000, 0x0000000100000000)
  eden space 132096K, 0% used [0x00000000ed000000,0x00000000ed000000,0x00000000f5100000)
  from space 9216K, 99% used [0x00000000f6380000,0x00000000f6c70198,0x00000000f6c80000)
  to   space 10240K, 0% used [0x00000000f5880000,0x00000000f5880000,0x00000000f6280000)
 ParOldGen       total 44032K, used 11336K [0x00000000c7000000, 0x00000000c9b00000, 0x00000000ed000000)
  object space 44032K, 25% used [0x00000000c7000000,0x00000000c7b12178,0x00000000c9b00000)
 Metaspace       used 41628K, capacity 41964K, committed 42368K, reserved 1085440K
  class space    used 6057K, capacity 6169K, committed 6272K, reserved 1048576K
}
Event: 69,388 GC heap before
{Heap before GC invocations=13 (full 2):
 PSYoungGen      total 141312K, used 141248K [0x00000000ed000000, 0x00000000f6c80000, 0x0000000100000000)
  eden space 132096K, 100% used [0x00000000ed000000,0x00000000f5100000,0x00000000f5100000)
  from space 9216K, 99% used [0x00000000f6380000,0x00000000f6c70198,0x00000000f6c80000)
  to   space 10240K, 0% used [0x00000000f5880000,0x00000000f5880000,0x00000000f6280000)
 ParOldGen       total 44032K, used 11349K [0x00000000c7000000, 0x00000000c9b00000, 0x00000000ed000000)
  object space 44032K, 25% used [0x00000000c7000000,0x00000000c7b154a8,0x00000000c9b00000)
 Metaspace       used 54183K, capacity 54590K, committed 54912K, reserved 1095680K
  class space    used 8085K, capacity 8220K, committed 8320K, reserved 1048576K

